This is XeTeX, Version 3.141592653-2.6-0.999994 (TeX Live 2022) (preloaded format=xelatex 2022.6.7)  7 JUN 2022 11:46
entering extended mode
 restricted \write18 enabled.
 %&-line parsing enabled.
**shceof.tex
(./shceof.tex
LaTeX2e <2021-11-15> patch level 1
L3 programming layer <2022-06-02> (./sn-jnl.cls
Document Class: sn-jnl 2019/11/18 v0.1: An authoring template for Springer Journal articles
(/home/elio/.TinyTeX/texmf-dist/tex/latex/base/article.cls
Document Class: article 2021/10/04 v1.4n Standard LaTeX document class
(/home/elio/.TinyTeX/texmf-dist/tex/latex/base/fleqn.clo
File: fleqn.clo 2016/12/29 v1.2b Standard LaTeX option (flush left equations)
\mathindent=\skip47
Applying: [2015/01/01] Make \[ robust on input line 50.
LaTeX Info: Redefining \[ on input line 51.
Already applied: [0000/00/00] Make \[ robust on input line 62.
Applying: [2015/01/01] Make \] robust on input line 74.
LaTeX Info: Redefining \] on input line 75.
Already applied: [0000/00/00] Make \] robust on input line 83.
) (/home/elio/.TinyTeX/texmf-dist/tex/latex/base/size10.clo
File: size10.clo 2021/10/04 v1.4n Standard LaTeX file (size option)
)
\c@part=\count181
\c@section=\count182
\c@subsection=\count183
\c@subsubsection=\count184
\c@paragraph=\count185
\c@subparagraph=\count186
\c@figure=\count187
\c@table=\count188
\abovecaptionskip=\skip48
\belowcaptionskip=\skip49
\bibindent=\dimen138
)
LaTeX Info: Redefining \rm on input line 138.
LaTeX Info: Redefining \sf on input line 139.
LaTeX Info: Redefining \tt on input line 140.
LaTeX Info: Redefining \bf on input line 141.
LaTeX Info: Redefining \it on input line 142.
LaTeX Info: Redefining \sl on input line 143.
LaTeX Info: Redefining \sc on input line 144.
LaTeX Info: Redefining \cal on input line 145.
LaTeX Info: Redefining \mit on input line 146.
LaTeX Info: Redefining \textsubscript on input line 204.
\columnhsize=\skip50
(/home/elio/.TinyTeX/texmf-dist/tex/latex/geometry/geometry.sty
Package: geometry 2020/01/02 v5.9 Page Geometry
(/home/elio/.TinyTeX/texmf-dist/tex/latex/graphics/keyval.sty
Package: keyval 2014/10/28 v1.15 key=value parser (DPC)
\KV@toks@=\toks16
) (/home/elio/.TinyTeX/texmf-dist/tex/generic/iftex/ifvtex.sty
Package: ifvtex 2019/10/25 v1.7 ifvtex legacy package. Use iftex instead.
(/home/elio/.TinyTeX/texmf-dist/tex/generic/iftex/iftex.sty
Package: iftex 2022/02/03 v1.0f TeX engine tests
))
\Gm@cnth=\count189
\Gm@cntv=\count190
\c@Gm@tempcnt=\count191
\Gm@bindingoffset=\dimen139
\Gm@wd@mp=\dimen140
\Gm@odd@mp=\dimen141
\Gm@even@mp=\dimen142
\Gm@layoutwidth=\dimen143
\Gm@layoutheight=\dimen144
\Gm@layouthoffset=\dimen145
\Gm@layoutvoffset=\dimen146
\Gm@dimlist=\toks17
) (/home/elio/.TinyTeX/texmf-dist/tex/latex/graphics/graphicx.sty
Package: graphicx 2021/09/16 v1.2d Enhanced LaTeX Graphics (DPC,SPQR)
(/home/elio/.TinyTeX/texmf-dist/tex/latex/graphics/graphics.sty
Package: graphics 2021/03/04 v1.4d Standard LaTeX Graphics (DPC,SPQR)
(/home/elio/.TinyTeX/texmf-dist/tex/latex/graphics/trig.sty
Package: trig 2021/08/11 v1.11 sin cos tan (DPC)
) (/home/elio/.TinyTeX/texmf-dist/tex/latex/graphics-cfg/graphics.cfg
File: graphics.cfg 2016/06/04 v1.11 sample graphics configuration
)
Package graphics Info: Driver file: xetex.def on input line 107.
(/home/elio/.TinyTeX/texmf-dist/tex/latex/graphics-def/xetex.def
File: xetex.def 2022/04/16 v5.0m Graphics/color driver for xetex
))
\Gin@req@height=\dimen147
\Gin@req@width=\dimen148
) (/home/elio/.TinyTeX/texmf-dist/tex/latex/multirow/multirow.sty
Package: multirow 2021/03/15 v2.8 Span multiple rows of a table
\multirow@colwidth=\skip51
\multirow@cntb=\count192
\multirow@dima=\skip52
\bigstrutjot=\dimen149
) (/home/elio/.TinyTeX/texmf-dist/tex/latex/amsmath/amsmath.sty
Package: amsmath 2021/10/15 v2.17l AMS math features
\@mathmargin=\skip53
For additional information on amsmath, use the `?' option.
(/home/elio/.TinyTeX/texmf-dist/tex/latex/amsmath/amstext.sty
Package: amstext 2021/08/26 v2.01 AMS text
(/home/elio/.TinyTeX/texmf-dist/tex/latex/amsmath/amsgen.sty
File: amsgen.sty 1999/11/30 v2.0 generic functions
\@emptytoks=\toks18
\ex@=\dimen150
)) (/home/elio/.TinyTeX/texmf-dist/tex/latex/amsmath/amsbsy.sty
Package: amsbsy 1999/11/29 v1.2d Bold Symbols
\pmbraise@=\dimen151
) (/home/elio/.TinyTeX/texmf-dist/tex/latex/amsmath/amsopn.sty
Package: amsopn 2021/08/26 v2.02 operator names
)
\inf@bad=\count193
LaTeX Info: Redefining \frac on input line 234.
\uproot@=\count194
\leftroot@=\count195
LaTeX Info: Redefining \overline on input line 399.
\classnum@=\count196
\DOTSCASE@=\count197
LaTeX Info: Redefining \ldots on input line 496.
LaTeX Info: Redefining \dots on input line 499.
LaTeX Info: Redefining \cdots on input line 620.
\Mathstrutbox@=\box50
\strutbox@=\box51
\big@size=\dimen152
LaTeX Font Info:    Redeclaring font encoding OML on input line 743.
LaTeX Font Info:    Redeclaring font encoding OMS on input line 744.
\macc@depth=\count198
\c@MaxMatrixCols=\count199
\dotsspace@=\muskip16
\c@parentequation=\count266
\dspbrk@lvl=\count267
\tag@help=\toks19
\row@=\count268
\column@=\count269
\maxfields@=\count270
\andhelp@=\toks20
\eqnshift@=\dimen153
\alignsep@=\dimen154
\tagshift@=\dimen155
\tagwidth@=\dimen156
\totwidth@=\dimen157
\lineht@=\dimen158
\@envbody=\toks21
\multlinegap=\skip54
\multlinetaggap=\skip55
\mathdisplay@stack=\toks22
LaTeX Info: Redefining \[ on input line 2938.
LaTeX Info: Redefining \] on input line 2939.
) (/home/elio/.TinyTeX/texmf-dist/tex/latex/amsfonts/amssymb.sty
Package: amssymb 2013/01/14 v3.01 AMS font symbols
(/home/elio/.TinyTeX/texmf-dist/tex/latex/amsfonts/amsfonts.sty
Package: amsfonts 2013/01/14 v3.01 Basic AMSFonts support
\symAMSa=\mathgroup4
\symAMSb=\mathgroup5
LaTeX Font Info:    Redeclaring math symbol \hbar on input line 98.
LaTeX Font Info:    Overwriting math alphabet `\mathfrak' in version `bold'
(Font)                  U/euf/m/n --> U/euf/b/n on input line 106.
)) (/home/elio/.TinyTeX/texmf-dist/tex/latex/amscls/amsthm.sty
Package: amsthm 2020/05/29 v2.20.6
\thm@style=\toks23
\thm@bodyfont=\toks24
\thm@headfont=\toks25
\thm@notefont=\toks26
\thm@headpunct=\toks27
\thm@preskip=\skip56
\thm@postskip=\skip57
\thm@headsep=\skip58
\dth@everypar=\toks28
) (/home/elio/.TinyTeX/texmf-dist/tex/latex/jknapltx/mathrsfs.sty
Package: mathrsfs 1996/01/01 Math RSFS package v1.0 (jk)
\symrsfs=\mathgroup6
) (/home/elio/.TinyTeX/texmf-dist/tex/latex/graphics/rotating.sty
Package: rotating 2016/08/11 v2.16d rotated objects in LaTeX
(/home/elio/.TinyTeX/texmf-dist/tex/latex/base/ifthen.sty
Package: ifthen 2020/11/24 v1.1c Standard LaTeX ifthen package (DPC)
)
\c@r@tfl@t=\count271
\rotFPtop=\skip59
\rotFPbot=\skip60
\rot@float@box=\box52
\rot@mess@toks=\toks29
) (/home/elio/.TinyTeX/texmf-dist/tex/latex/appendix/appendix.sty
Package: appendix 2020/02/08 v1.2c extra appendix facilities
\c@@pps=\count272
\c@@ppsavesec=\count273
\c@@ppsaveapp=\count274
) (/home/elio/.TinyTeX/texmf-dist/tex/latex/xcolor/xcolor.sty
Package: xcolor 2021/10/31 v2.13 LaTeX color extensions (UK)
(/home/elio/.TinyTeX/texmf-dist/tex/latex/graphics-cfg/color.cfg
File: color.cfg 2016/01/02 v1.6 sample color configuration
)
Package xcolor Info: Driver file: xetex.def on input line 227.
Package xcolor Info: Model `cmy' substituted by `cmy0' on input line 1352.
Package xcolor Info: Model `RGB' extended on input line 1368.
Package xcolor Info: Model `HTML' substituted by `rgb' on input line 1370.
Package xcolor Info: Model `Hsb' substituted by `hsb' on input line 1371.
Package xcolor Info: Model `tHsb' substituted by `hsb' on input line 1372.
Package xcolor Info: Model `HSB' substituted by `hsb' on input line 1373.
Package xcolor Info: Model `Gray' substituted by `gray' on input line 1374.
Package xcolor Info: Model `wave' substituted by `hsb' on input line 1375.
) (/home/elio/.TinyTeX/texmf-dist/tex/latex/base/textcomp.sty
Package: textcomp 2020/02/02 v2.0n Standard LaTeX package
) (/home/elio/.TinyTeX/texmf-dist/tex/latex/ncctools/manyfoot.sty
Package: manyfoot 2019/08/03 v1.11 Many Footnote Levels Package (NCC)
(/home/elio/.TinyTeX/texmf-dist/tex/latex/ncctools/nccfoots.sty
Package: nccfoots 2005/02/03 v1.2 NCC Footnotes Package (NCC)
)
\MFL@columnwidth=\dimen159
) (/home/elio/.TinyTeX/texmf-dist/tex/latex/booktabs/booktabs.sty
Package: booktabs 2020/01/12 v1.61803398 Publication quality tables
\heavyrulewidth=\dimen160
\lightrulewidth=\dimen161
\cmidrulewidth=\dimen162
\belowrulesep=\dimen163
\belowbottomsep=\dimen164
\aboverulesep=\dimen165
\abovetopsep=\dimen166
\cmidrulesep=\dimen167
\cmidrulekern=\dimen168
\defaultaddspace=\dimen169
\@cmidla=\count275
\@cmidlb=\count276
\@aboverulesep=\dimen170
\@belowrulesep=\dimen171
\@thisruleclass=\count277
\@lastruleclass=\count278
\@thisrulewidth=\dimen172
) (/home/elio/.TinyTeX/texmf-dist/tex/latex/algorithms/algorithm.sty
Invalid UTF-8 byte or sequence at line 11 replaced by U+FFFD.
Package: algorithm 2009/08/24 v0.1 Document Style `algorithm' - floating environment
(/home/elio/.TinyTeX/texmf-dist/tex/latex/float/float.sty
Package: float 2001/11/08 v1.3d Float enhancements (AL)
\c@float@type=\count279
\float@exts=\toks30
\float@box=\box53
\@float@everytoks=\toks31
\@floatcapt=\box54
)
\@float@every@algorithm=\toks32
\c@algorithm=\count280
) (/home/elio/.TinyTeX/texmf-dist/tex/latex/algorithmicx/algorithmicx.sty
Package: algorithmicx 2005/04/27 v1.2 Algorithmicx
Document Style algorithmicx 1.2 - a greatly improved `algorithmic' style
\c@ALG@line=\count281
\c@ALG@rem=\count282
\c@ALG@nested=\count283
\ALG@tlm=\skip61
\ALG@thistlm=\skip62
\c@ALG@Lnr=\count284
\c@ALG@blocknr=\count285
\c@ALG@storecount=\count286
\c@ALG@tmpcounter=\count287
\ALG@tmplength=\skip63
) (/home/elio/.TinyTeX/texmf-dist/tex/latex/algorithmicx/algpseudocode.sty
Package: algpseudocode 
Document Style - pseudocode environments for use with the `algorithmicx' style
) (/home/elio/.TinyTeX/texmf-dist/tex/latex/program/program.sty
\@gtempa=\dimen173
\@gtempa=\dimen174
\@gtempa=\dimen175
\@gtempa=\dimen176
\@gtempa=\dimen177
\@gtempa=\dimen178
\@gtempa=\dimen179
\@gtempa=\dimen180
\@gtempa=\dimen181
\@gtempa=\dimen182
\@gtempa=\dimen183
\@gtempa=\dimen184
\@gtempa=\dimen185
\@gtempa=\dimen186
\@gtempa=\dimen187
\@gtempa=\dimen188
\@gtempa=\dimen189
\@gtempa=\dimen190
\@gtempa=\dimen191
\@gtempa=\dimen192
\@gtempa=\dimen193
\@gtempa=\dimen194
\@gtempa=\dimen195
\@gtempa=\dimen196
\@gtempa=\dimen197
\@gtempa=\dimen198
\@gtempa=\dimen199
\@gtempa=\dimen256
\@gtempa=\dimen257
\@gtempa=\dimen258
\@gtempa=\dimen259
\@gtempa=\dimen260
\@gtempa=\dimen261
\@gtempa=\dimen262
\@gtempa=\dimen263
\@gtempa=\dimen264
\@gtempa=\dimen265
\@gtempa=\dimen266
\@gtempa=\dimen267
\@gtempa=\dimen268
\@gtempa=\dimen269
\@gtempa=\dimen270
\@gtempa=\dimen271
\@gtempa=\dimen272
\@gtempa=\dimen273
\@gtempa=\dimen274
\@gtempa=\dimen275
\@gtempa=\dimen276
\@gtempa=\dimen277
\@gtempa=\dimen278
\c@programline=\count288
\old@nxttabmar=\count289
\symeulerletters=\mathgroup7
\powersetbox=\box55
LaTeX Font Info:    Calculating math sizes for size <16> on input line 841.

LaTeX Font Warning: Font shape `OT1/cmr/m/n' in size <16> not available
(Font)              size <17.28> substituted on input line 841.


LaTeX Font Warning: Font shape `OML/cmm/m/it' in size <16> not available
(Font)              size <17.28> substituted on input line 841.


LaTeX Font Warning: Font shape `OMS/cmsy/m/n' in size <16> not available
(Font)              size <17.28> substituted on input line 841.

LaTeX Font Info:    Trying to load font information for U+msa on input line 841.
(/home/elio/.TinyTeX/texmf-dist/tex/latex/amsfonts/umsa.fd
File: umsa.fd 2013/01/14 v3.01 AMS symbols A
)
LaTeX Font Info:    Trying to load font information for U+msb on input line 841.
(/home/elio/.TinyTeX/texmf-dist/tex/latex/amsfonts/umsb.fd
File: umsb.fd 2013/01/14 v3.01 AMS symbols B
)
LaTeX Font Info:    Trying to load font information for U+rsfs on input line 841.
(/home/elio/.TinyTeX/texmf-dist/tex/latex/jknapltx/ursfs.fd
File: ursfs.fd 1998/03/24 rsfs font definition file (jk)
)

LaTeX Font Warning: Font shape `U/rsfs/m/n' in size <16> not available
(Font)              size <17.28> substituted on input line 841.

LaTeX Font Info:    Trying to load font information for U+eur on input line 841.
(/home/elio/.TinyTeX/texmf-dist/tex/latex/amsfonts/ueur.fd
File: ueur.fd 2013/01/14 v3.01 Euler Roman
)) (/home/elio/.TinyTeX/texmf-dist/tex/latex/listings/listings.sty
\lst@mode=\count290
\lst@gtempboxa=\box56
\lst@token=\toks33
\lst@length=\count291
\lst@currlwidth=\dimen279
\lst@column=\count292
\lst@pos=\count293
\lst@lostspace=\dimen280
\lst@width=\dimen281
\lst@newlines=\count294
\lst@lineno=\count295
\lst@maxwidth=\dimen282
(/home/elio/.TinyTeX/texmf-dist/tex/latex/listings/lstmisc.sty
File: lstmisc.sty 2020/03/24 1.8d (Carsten Heinz)
\c@lstnumber=\count296
\lst@skipnumbers=\count297
\lst@framebox=\box57
) (/home/elio/.TinyTeX/texmf-dist/tex/latex/listings/listings.cfg
File: listings.cfg 2020/03/24 1.8d listings configuration
))
Package: listings 2020/03/24 1.8d (Carsten Heinz)
\artcatbox=\box58
\aucount=\count298
\corraucount=\count299
\punctcount=\count300
\emailcnt=\count301
\c@affn=\count302
\addcount=\count303
\PacsCount=\count304
\PacsTmpCnt=\count305
\FMremarkdim=\dimen283
\fmremarkbox=\box59
\opshortpage=\dimen284
\labelwidthi=\dimen285
\labelwidthii=\dimen286
\labelwidthiii=\dimen287
\labelwidthiv=\dimen288
\figwidth=\dimen289
\figheight=\dimen290
\sidecapwidth=\dimen291
\wrapcapline=\dimen292
\totalwrapline=\dimen293
\wraptotline=\dimen294
\figurebox=\box60
\wrapfigcapbox=\box61
\figcapbox=\box62
\capbox=\box63
\headwidthskip=\skip64
\tabcapbox=\box64
\temptbox=\box65
\tempdime=\dimen295
\tabhtdime=\dimen296
(/home/elio/.TinyTeX/texmf-dist/tex/latex/hyperref/hyperref.sty
Package: hyperref 2022-05-17 v7.00q Hypertext links for LaTeX
(/home/elio/.TinyTeX/texmf-dist/tex/generic/ltxcmds/ltxcmds.sty
Package: ltxcmds 2020-05-10 v1.25 LaTeX kernel commands for general use (HO)
) (/home/elio/.TinyTeX/texmf-dist/tex/generic/pdftexcmds/pdftexcmds.sty
Package: pdftexcmds 2020-06-27 v0.33 Utility functions of pdfTeX for LuaTeX (HO)
(/home/elio/.TinyTeX/texmf-dist/tex/generic/infwarerr/infwarerr.sty
Package: infwarerr 2019/12/03 v1.5 Providing info/warning/error messages (HO)
)
Package pdftexcmds Info: \pdf@primitive is available.
Package pdftexcmds Info: \pdf@ifprimitive is available.
Package pdftexcmds Info: \pdfdraftmode not found.
) (/home/elio/.TinyTeX/texmf-dist/tex/generic/kvsetkeys/kvsetkeys.sty
Package: kvsetkeys 2019/12/15 v1.18 Key value parser (HO)
) (/home/elio/.TinyTeX/texmf-dist/tex/generic/kvdefinekeys/kvdefinekeys.sty
Package: kvdefinekeys 2019-12-19 v1.6 Define keys (HO)
) (/home/elio/.TinyTeX/texmf-dist/tex/generic/pdfescape/pdfescape.sty
Package: pdfescape 2019/12/09 v1.15 Implements pdfTeX's escape features (HO)
) (/home/elio/.TinyTeX/texmf-dist/tex/latex/hycolor/hycolor.sty
Package: hycolor 2020-01-27 v1.10 Color options for hyperref/bookmark (HO)
) (/home/elio/.TinyTeX/texmf-dist/tex/latex/letltxmacro/letltxmacro.sty
Package: letltxmacro 2019/12/03 v1.6 Let assignment for LaTeX macros (HO)
) (/home/elio/.TinyTeX/texmf-dist/tex/latex/auxhook/auxhook.sty
Package: auxhook 2019-12-17 v1.6 Hooks for auxiliary files (HO)
) (/home/elio/.TinyTeX/texmf-dist/tex/latex/hyperref/nameref.sty
Package: nameref 2022-05-17 v2.50 Cross-referencing by name of section
(/home/elio/.TinyTeX/texmf-dist/tex/latex/refcount/refcount.sty
Package: refcount 2019/12/15 v3.6 Data extraction from label references (HO)
) (/home/elio/.TinyTeX/texmf-dist/tex/generic/gettitlestring/gettitlestring.sty
Package: gettitlestring 2019/12/15 v1.6 Cleanup title references (HO)
(/home/elio/.TinyTeX/texmf-dist/tex/latex/kvoptions/kvoptions.sty
Package: kvoptions 2020-10-07 v3.14 Key value format for package options (HO)
))
\c@section@level=\count306
)
\@linkdim=\dimen297
\Hy@linkcounter=\count307
\Hy@pagecounter=\count308
(/home/elio/.TinyTeX/texmf-dist/tex/latex/hyperref/pd1enc.def
File: pd1enc.def 2022-05-17 v7.00q Hyperref: PDFDocEncoding definition (HO)
) (/home/elio/.TinyTeX/texmf-dist/tex/generic/intcalc/intcalc.sty
Package: intcalc 2019/12/15 v1.3 Expandable calculations with integers (HO)
) (/home/elio/.TinyTeX/texmf-dist/tex/generic/etexcmds/etexcmds.sty
Package: etexcmds 2019/12/15 v1.7 Avoid name clashes with e-TeX commands (HO)
)
\Hy@SavedSpaceFactor=\count309
(/home/elio/.TinyTeX/texmf-dist/tex/latex/hyperref/puenc.def
File: puenc.def 2022-05-17 v7.00q Hyperref: PDF Unicode definition (HO)
)
Package hyperref Info: Hyper figures OFF on input line 4139.
Package hyperref Info: Link nesting OFF on input line 4144.
Package hyperref Info: Hyper index ON on input line 4147.
Package hyperref Info: Plain pages OFF on input line 4154.
Package hyperref Info: Backreferencing OFF on input line 4159.
Package hyperref Info: Implicit mode ON; LaTeX internals redefined.
Package hyperref Info: Bookmarks ON on input line 4385.
\c@Hy@tempcnt=\count310
(/home/elio/.TinyTeX/texmf-dist/tex/latex/url/url.sty
\Urlmuskip=\muskip17
Package: url 2013/09/16  ver 3.4  Verb mode for urls, etc.
)
LaTeX Info: Redefining \url on input line 4723.
\XeTeXLinkMargin=\dimen298
(/home/elio/.TinyTeX/texmf-dist/tex/generic/bitset/bitset.sty
Package: bitset 2019/12/09 v1.3 Handle bit-vector datatype (HO)
(/home/elio/.TinyTeX/texmf-dist/tex/generic/bigintcalc/bigintcalc.sty
Package: bigintcalc 2019/12/15 v1.5 Expandable calculations on big integers (HO)
))
\Fld@menulength=\count311
\Field@Width=\dimen299
\Fld@charsize=\dimen300
Package hyperref Info: Hyper figures OFF on input line 6001.
Package hyperref Info: Link nesting OFF on input line 6006.
Package hyperref Info: Hyper index ON on input line 6009.
Package hyperref Info: backreferencing OFF on input line 6016.
Package hyperref Info: Link coloring OFF on input line 6021.
Package hyperref Info: Link coloring with OCG OFF on input line 6026.
Package hyperref Info: PDF/A mode OFF on input line 6031.
LaTeX Info: Redefining \ref on input line 6078.
LaTeX Info: Redefining \pageref on input line 6078.
(/home/elio/.TinyTeX/texmf-dist/tex/latex/base/atbegshi-ltx.sty
Package: atbegshi-ltx 2021/01/10 v1.0c Emulation of the original atbegshi
package with kernel methods
)
\Hy@abspage=\count312
\c@Item=\count313
\c@Hfootnote=\count314
)
Package hyperref Info: Driver (autodetected): hxetex.
(/home/elio/.TinyTeX/texmf-dist/tex/latex/hyperref/hxetex.def
File: hxetex.def 2022-05-17 v7.00q Hyperref driver for XeTeX
(/home/elio/.TinyTeX/texmf-dist/tex/generic/stringenc/stringenc.sty
Package: stringenc 2019/11/29 v1.12 Convert strings between diff. encodings (HO)
)
\pdfm@box=\box66
\c@Hy@AnnotLevel=\count315
\HyField@AnnotCount=\count316
\Fld@listcount=\count317
\c@bookmark@seq@number=\count318
(/home/elio/.TinyTeX/texmf-dist/tex/latex/rerunfilecheck/rerunfilecheck.sty
Package: rerunfilecheck 2019/12/05 v1.9 Rerun checks for auxiliary files (HO)
(/home/elio/.TinyTeX/texmf-dist/tex/latex/base/atveryend-ltx.sty
Package: atveryend-ltx 2020/08/19 v1.0a Emulation of the original atveryend package
with kernel methods
) (/home/elio/.TinyTeX/texmf-dist/tex/generic/uniquecounter/uniquecounter.sty
Package: uniquecounter 2019/12/15 v1.4 Provide unlimited unique counter (HO)
)
Package uniquecounter Info: New unique counter `rerunfilecheck' on input line 286.
)
\Hy@SectionHShift=\skip65
)
Package hyperref Info: Option `colorlinks' set `true' on input line 1486.
Package hyperref Info: Option `breaklinks' set `true' on input line 1486.
Package hyperref Info: Option `plainpages' set `false' on input line 1486.
Package hyperref Info: Option `bookmarksopen' set `true' on input line 1486.
Package hyperref Info: Option `bookmarksnumbered' set `false' on input line 1486.
(/home/elio/.TinyTeX/texmf-dist/tex/latex/wrapfig/wrapfig.sty
\wrapoverhang=\dimen301
\WF@size=\dimen302
\c@WF@wrappedlines=\count319
\WF@box=\box67
\WF@everypar=\toks34
Package: wrapfig 2003/01/31  v 3.6
)
\wraplines=\count320
\@authorfigbox=\box68
\@authorfigboxdim=\skip66
\biofigadjskip=\skip67
(/home/elio/.TinyTeX/texmf-dist/tex/latex/natbib/natbib.sty
Package: natbib 2010/09/13 8.31b (PWD, AO)
\bibhang=\skip68
\bibsep=\skip69
LaTeX Info: Redefining \cite on input line 694.
\c@NAT@ctr=\count321
))
\c@theorem=\count322
\c@example=\count323
\c@remark=\count324
\c@definition=\count325
(/home/elio/.TinyTeX/texmf-dist/tex/latex/tools/longtable.sty
Package: longtable 2021-09-01 v4.17 Multi-page Table package (DPC)
\LTleft=\skip70
\LTright=\skip71
\LTpre=\skip72
\LTpost=\skip73
\LTchunksize=\count326
\LTcapwidth=\dimen303
\LT@head=\box69
\LT@firsthead=\box70
\LT@foot=\box71
\LT@lastfoot=\box72
\LT@gbox=\box73
\LT@cols=\count327
\LT@rows=\count328
\c@LT@tables=\count329
\c@LT@chunks=\count330
\LT@p@ftn=\toks35
) (/home/elio/.TinyTeX/texmf-dist/tex/latex/tools/array.sty
Package: array 2021/10/04 v2.5f Tabular extension package (FMi)
\col@sep=\dimen304
\ar@mcellbox=\box74
\extrarowheight=\dimen305
\NC@list=\toks36
\extratabsurround=\skip74
\backup@length=\skip75
\ar@cellbox=\box75
) (/home/elio/.TinyTeX/texmf-dist/tex/latex/tools/calc.sty
Package: calc 2017/05/25 v4.3 Infix arithmetic (KKT,FJ)
\calc@Acount=\count331
\calc@Bcount=\count332
\calc@Adimen=\dimen306
\calc@Bdimen=\dimen307
\calc@Askip=\skip76
\calc@Bskip=\skip77
LaTeX Info: Redefining \setlength on input line 80.
LaTeX Info: Redefining \addtolength on input line 81.
\calc@Ccount=\count333
\calc@Cskip=\skip78
) (/home/elio/.TinyTeX/texmf-dist/tex/latex/etoolbox/etoolbox.sty
Package: etoolbox 2020/10/05 v2.5k e-TeX tools for LaTeX (JAW)
\etb@tempcnta=\count334
) (/home/elio/.TinyTeX/texmf-dist/tex/latex/mdwtools/footnote.sty
Package: footnote 1997/01/28 1.13 Save footnotes around boxes
\fn@notes=\box76
\fn@width=\dimen308
) (/home/elio/.TinyTeX/texmf-dist/tex/latex/was/gensymb.sty
Package: gensymb 2003/07/02 v1.0 (WaS)
) (/home/elio/.TinyTeX/texmf-dist/tex/latex/subfig/subfig.sty
Package: subfig 2005/06/28 ver: 1.3 subfig package
(/home/elio/.TinyTeX/texmf-dist/tex/latex/caption/caption.sty
Package: caption 2022/03/01 v3.6b Customizing captions (AR)
(/home/elio/.TinyTeX/texmf-dist/tex/latex/caption/caption3.sty
Package: caption3 2022/03/17 v2.3b caption3 kernel (AR)
\caption@tempdima=\dimen309
\captionmargin=\dimen310
\caption@leftmargin=\dimen311
\caption@rightmargin=\dimen312
\caption@width=\dimen313
\caption@indent=\dimen314
\caption@parindent=\dimen315
\caption@hangindent=\dimen316
Package caption Info: Unknown document class (or package),
(caption)             standard defaults will be used.
Package caption Info: \@makecaption = \long macro:#1#2->\ifx \FigName \@captype \vskip \abovecaptionskip \@figurecaption {#1}{#2} \else \@tablecaption {#1}{#2} \vskip \belowcaptionskip \fi  on input line 1176.
)

Package caption Warning: Unknown document class (or package),
(caption)                standard defaults will be used.
See the caption package documentation for explanation.

\c@caption@flags=\count335
\c@continuedfloat=\count336
Package caption Info: float package is loaded.
Package caption Info: hyperref package is loaded.
Package caption Info: listings package is loaded.
Package caption Info: longtable package is loaded.
(/home/elio/.TinyTeX/texmf-dist/tex/latex/caption/ltcaption.sty
Package: ltcaption 2021/01/08 v1.4c longtable captions (AR)
)
Package caption Info: rotating package is loaded.
Package caption Info: wrapfig package is loaded.
)
\c@KVtest=\count337
\sf@farskip=\skip79
\sf@captopadj=\dimen317
\sf@capskip=\skip80
\sf@nearskip=\skip81
\c@subfigure=\count338
\c@subfigure@save=\count339
\c@lofdepth=\count340
\c@subtable=\count341
\c@subtable@save=\count342
\c@lotdepth=\count343
\sf@top=\skip82
\sf@bottom=\skip83
) (/home/elio/.TinyTeX/texmf-dist/tex/latex/showlabels/showlabels.sty
Package: showlabels 2021/10/27 v1.9.1
Package: `showlabels' v1.9.1 <2021/10/27>
with amsmath equation tags
\SL@labelposition=\count344
) (/home/elio/.TinyTeX/texmf-dist/tex/latex/chngcntr/chngcntr.sty
Package: chngcntr 2018/04/09 v1.1a change counter resetting
Package chngcntr Info: \counterwithout already defined.
(chngcntr)             Quitting chngcntr on input line 21.
) (/home/elio/.TinyTeX/texmf-dist/tex/latex/colortbl/colortbl.sty
Package: colortbl 2020/01/04 v1.0e Color table columns (DPC)
\everycr=\toks37
\minrowclearance=\skip84
) (/home/elio/.TinyTeX/texmf-dist/tex/latex/pdflscape/pdflscape.sty
Package: pdflscape 2019/12/05 v0.12 Display of landscape pages in PDF (HO)
(/home/elio/.TinyTeX/texmf-dist/tex/latex/graphics/lscape.sty
Package: lscape 2020/05/28 v3.02 Landscape Pages (DPC)
)
Package pdflscape Info: Auto-detected driver: dvipdfm (xetex) on input line 98.
) (/home/elio/.TinyTeX/texmf-dist/tex/latex/tabu/tabu.sty
Package: tabu 2019/01/11 v2.9 - flexible LaTeX tabulars (FC+tabu-fixed)
(/home/elio/.TinyTeX/texmf-dist/tex/latex/varwidth/varwidth.sty
Package: varwidth 2009/03/30 ver 0.92;  Variable-width minipages
\@vwid@box=\box77
\sift@deathcycles=\count345
\@vwid@loff=\dimen318
\@vwid@roff=\dimen319
)
\c@taburow=\count346
\tabu@nbcols=\count347
\tabu@cnt=\count348
\tabu@Xcol=\count349
\tabu@alloc=\count350
\tabu@nested=\count351
\tabu@target=\dimen320
\tabu@spreadtarget=\dimen321
\tabu@naturalX=\dimen322
\tabucolX=\dimen323
\tabu@Xsum=\dimen324
\extrarowdepth=\dimen325
\abovetabulinesep=\dimen326
\belowtabulinesep=\dimen327
\tabustrutrule=\dimen328
\tabu@thebody=\toks38
\tabu@footnotes=\toks39
\tabu@box=\box78
\tabu@arstrutbox=\box79
\tabu@hleads=\box80
\tabu@vleads=\box81
\tabu@cellskip=\skip85
) (/home/elio/.TinyTeX/texmf-dist/tex/latex/threeparttable/threeparttable.sty
Package: threeparttable 2003/06/13  v 3.0
\@tempboxb=\box82
) (/home/elio/.TinyTeX/texmf-dist/tex/latex/threeparttablex/threeparttablex.sty
Package: threeparttablex 2013/07/23 v0.3 by daleif
(/home/elio/.TinyTeX/texmf-dist/tex/latex/environ/environ.sty
Package: environ 2014/05/04 v0.3 A new way to define environments
(/home/elio/.TinyTeX/texmf-dist/tex/latex/trimspaces/trimspaces.sty
Package: trimspaces 2009/09/17 v1.1 Trim spaces around a token list
))
\TPTL@width=\skip86
) (/home/elio/.TinyTeX/texmf-dist/tex/generic/ulem/ulem.sty
\UL@box=\box83
\UL@hyphenbox=\box84
\UL@skip=\skip87
\UL@hook=\toks40
\UL@height=\dimen329
\UL@pe=\count352
\UL@pixel=\dimen330
\ULC@box=\box85
Package: ulem 2019/11/18
\ULdepth=\dimen331
) (/home/elio/.TinyTeX/texmf-dist/tex/latex/makecell/makecell.sty
Package: makecell 2009/08/03 V0.1e Managing of Tab Column Heads and Cells
\rotheadsize=\dimen332
\c@nlinenum=\count353
\TeXr@lab=\toks41
) (/home/elio/.TinyTeX/texmf-dist/tex/latex/l3backend/l3backend-xetex.def
File: l3backend-xetex.def 2022-04-20 L3 backend support: XeTeX
\g__graphics_track_int=\count354
\l__pdf_internal_box=\box86
\g__pdf_backend_object_int=\count355
\g__pdf_backend_annotation_int=\count356
\g__pdf_backend_link_int=\count357
) (./shceof.aux)
\openout1 = `shceof.aux'.

LaTeX Font Info:    Checking defaults for OML/cmm/m/it on input line 113.
LaTeX Font Info:    ... okay on input line 113.
LaTeX Font Info:    Checking defaults for OMS/cmsy/m/n on input line 113.
LaTeX Font Info:    ... okay on input line 113.
LaTeX Font Info:    Checking defaults for OT1/cmr/m/n on input line 113.
LaTeX Font Info:    ... okay on input line 113.
LaTeX Font Info:    Checking defaults for T1/cmr/m/n on input line 113.
LaTeX Font Info:    ... okay on input line 113.
LaTeX Font Info:    Checking defaults for TS1/cmr/m/n on input line 113.
LaTeX Font Info:    Trying to load font information for TS1+cmr on input line 113.
(/home/elio/.TinyTeX/texmf-dist/tex/latex/base/ts1cmr.fd
File: ts1cmr.fd 2019/12/16 v2.5j Standard LaTeX font definitions
)
LaTeX Font Info:    ... okay on input line 113.
LaTeX Font Info:    Checking defaults for TU/lmr/m/n on input line 113.
LaTeX Font Info:    ... okay on input line 113.
LaTeX Font Info:    Checking defaults for OMX/cmex/m/n on input line 113.
LaTeX Font Info:    ... okay on input line 113.
LaTeX Font Info:    Checking defaults for U/cmr/m/n on input line 113.
LaTeX Font Info:    ... okay on input line 113.
LaTeX Font Info:    Checking defaults for PD1/pdf/m/n on input line 113.
LaTeX Font Info:    ... okay on input line 113.
LaTeX Font Info:    Checking defaults for PU/pdf/m/n on input line 113.
LaTeX Font Info:    ... okay on input line 113.
\footinsA=\insert252
\c@footnoteA=\count358
LaTeX Font Info:    Redeclaring symbol font `AMSa' on input line 113.
LaTeX Font Info:    Overwriting symbol font `AMSa' in version `normal'
(Font)                  U/msa/m/n --> U/msa/m/n on input line 113.
LaTeX Font Info:    Overwriting symbol font `AMSa' in version `bold'
(Font)                  U/msa/m/n --> U/msa/m/n on input line 113.
*geometry* driver: auto-detecting
*geometry* detected driver: xetex
*geometry* verbose mode - [ preamble ] result:
* driver: xetex
* paper: custom
* layout: <same size as paper>
* layoutoffset:(h,v)=(0.0pt,0.0pt)
* bindingoffset: 17.07164pt
* modes: twoside 
* h-part:(L,W,R)=(34.14331pt, 338.58778pt, 51.21498pt)
* v-part:(T,H,B)=(55.48286pt, 552.69478pt, 60.46211pt)
* \paperwidth=441.01772pt
* \paperheight=668.63976pt
* \textwidth=338.58778pt
* \textheight=552.69478pt
* \oddsidemargin=-21.05504pt
* \evensidemargin=-21.05501pt
* \topmargin=-38.22067pt
* \headheight=5.5pt
* \headsep=15.93355pt
* \topskip=10.0pt
* \footskip=28.45274pt
* \marginparwidth=34.1433pt
* \marginparsep=14.22636pt
* \columnsep=14.22636pt
* \skip\footins=8.0pt plus 4.0pt
* \hoffset=0.0pt
* \voffset=0.0pt
* \mag=1000
* \@twocolumnfalse
* \@twosidetrue
* \@mparswitchtrue
* \@reversemargintrue
* (1in=72.27pt=25.4mm, 1cm=28.453pt)

\c@lstlisting=\count359
Package hyperref Info: Link coloring ON on input line 113.
(./shceof.out) (./shceof.out)
\@outlinefile=\write3
\openout3 = `shceof.out'.

\symgns@font=\mathgroup8
LaTeX Font Info:    Overwriting symbol font `gns@font' in version `bold'
(Font)                  TS1/lmr/m/n --> TS1/lmr/b/n on input line 113.
Package gensymb Info: Math companion symbols declared on input line 113.
LaTeX Info: Redefining \degree on input line 113.
LaTeX Info: Redefining \celsius on input line 113.
Package gensymb Info: Using text companion symbols for \degree, \celsius and \perthousand on input line 113.
LaTeX Info: Redefining \ohm on input line 113.
Package gensymb Info: Using \textohm for \ohm on input line 113.
Package gensymb Info: Using \textmu for \micro on input line 113.
Package caption Info: Begin \AtBeginDocument code.
Package caption Info: subfig package v1.3 is loaded.
Package caption Info: threeparttable package is loaded.
Package caption Info: End \AtBeginDocument code.
LaTeX Font Info:    Calculating math sizes for size <12.045> on input line 156.

LaTeX Font Warning: Font shape `OT1/cmr/bx/n' in size <8.43146> not available
(Font)              size <8> substituted on input line 156.


LaTeX Font Warning: Font shape `OML/cmm/b/it' in size <8.43146> not available
(Font)              size <8> substituted on input line 156.


LaTeX Font Warning: Font shape `OMS/cmsy/b/n' in size <8.43146> not available
(Font)              size <8> substituted on input line 156.


LaTeX Font Warning: Font shape `U/rsfs/m/n' in size <8.43146> not available
(Font)              size <8> substituted on input line 156.

LaTeX Font Info:    Calculating math sizes for size <11.04124> on input line 156.

LaTeX Font Warning: Font shape `OT1/cmr/bx/n' in size <5.52061> not available
(Font)              size <6> substituted on input line 156.


LaTeX Font Warning: Font shape `OML/cmm/b/it' in size <5.52061> not available
(Font)              size <6> substituted on input line 156.


LaTeX Font Warning: Font shape `OMS/cmsy/b/n' in size <5.52061> not available
(Font)              size <6> substituted on input line 156.


LaTeX Font Warning: Font shape `U/rsfs/m/n' in size <5.52061> not available
(Font)              size <6> substituted on input line 156.

LaTeX Font Info:    Calculating math sizes for size <10.03749> on input line 156.

Underfull \vbox (badness 10000) has occurred while \output is active []

[1

]
Underfull \vbox (badness 10000) has occurred while \output is active []


Overfull \vbox (1.57643pt too high) has occurred while \output is active []

[2]
Underfull \vbox (badness 10000) has occurred while \output is active []


Overfull \vbox (1.57643pt too high) has occurred while \output is active []

[3]
Underfull \vbox (badness 10000) has occurred while \output is active []


Overfull \vbox (1.57643pt too high) has occurred while \output is active []

[4]
File: ../figures/eof-naive-1.pdf Graphic file (type pdf)
<use ../figures/eof-naive-1.pdf>

Underfull \vbox (badness 10000) has occurred while \output is active []


Overfull \vbox (1.57643pt too high) has occurred while \output is active []

[5]
Underfull \vbox (badness 10000) has occurred while \output is active []


Overfull \vbox (1.57643pt too high) has occurred while \output is active []

[6]

LaTeX Warning: No positions in optional float specifier.
               Default added (so using `tbp') on input line 279.

LaTeX Font Info:    Calculating math sizes for size <8.03> on input line 282.

LaTeX Font Warning: Font shape `OT1/cmr/m/n' in size <4.015> not available
(Font)              size <5> substituted on input line 282.


LaTeX Font Warning: Font shape `OML/cmm/m/it' in size <4.015> not available
(Font)              size <5> substituted on input line 282.


LaTeX Font Warning: Font shape `OMS/cmsy/m/n' in size <4.015> not available
(Font)              size <5> substituted on input line 282.


LaTeX Font Warning: Font shape `U/rsfs/m/n' in size <4.015> not available
(Font)              size <5> substituted on input line 282.


Underfull \vbox (badness 10000) has occurred while \output is active []


Overfull \vbox (1.57643pt too high) has occurred while \output is active []

[7]
File: ../figures/ceofs-1-1.pdf Graphic file (type pdf)
<use ../figures/ceofs-1-1.pdf>
File: ../figures/extended-series-1.pdf Graphic file (type pdf)
<use ../figures/extended-series-1.pdf>

Overfull \hbox (8.70885pt too wide) in paragraph at lines 352--352
[][] 
 []


Underfull \vbox (badness 10000) has occurred while \output is active []


Overfull \vbox (1.57643pt too high) has occurred while \output is active []

[8]
Underfull \vbox (badness 10000) has occurred while \output is active []


Overfull \vbox (1.57643pt too high) has occurred while \output is active []

[9]
File: ../figures/eof1-regr-gh-1.pdf Graphic file (type pdf)
<use ../figures/eof1-regr-gh-1.pdf>

Underfull \vbox (badness 10000) has occurred while \output is active []


Overfull \vbox (1.57643pt too high) has occurred while \output is active []

[10]
File: ../figures/eof2-regr-gh-1.pdf Graphic file (type pdf)
<use ../figures/eof2-regr-gh-1.pdf>

Underfull \vbox (badness 10000) has occurred while \output is active []


Overfull \vbox (1.57643pt too high) has occurred while \output is active []

[11]
File: ../figures/eof1-regr-t-1.pdf Graphic file (type pdf)
<use ../figures/eof1-regr-t-1.pdf>
File: ../figures/t-vertical-1.pdf Graphic file (type pdf)
<use ../figures/t-vertical-1.pdf>

Underfull \vbox (badness 10000) has occurred while \output is active []


Overfull \vbox (1.57643pt too high) has occurred while \output is active []

[12]
Underfull \vbox (badness 10000) has occurred while \output is active []


Overfull \vbox (1.57643pt too high) has occurred while \output is active []

[13]
File: ../figures/o3-regr-1.pdf Graphic file (type pdf)
<use ../figures/o3-regr-1.pdf>

Underfull \vbox (badness 10000) has occurred while \output is active []


Overfull \vbox (1.57643pt too high) has occurred while \output is active []

[14]

LaTeX Warning: No positions in optional float specifier.
               Default added (so using `tbp') on input line 477.

File: ../figures/phase-histogram-1.pdf Graphic file (type pdf)
<use ../figures/phase-histogram-1.pdf>

Underfull \vbox (badness 10000) has occurred while \output is active []


Overfull \vbox (1.57643pt too high) has occurred while \output is active []

[15]
File: ../figures/sam-eof-vertical-1.pdf Graphic file (type pdf)
<use ../figures/sam-eof-vertical-1.pdf>

Underfull \vbox (badness 10000) has occurred while \output is active []


Overfull \vbox (1.57643pt too high) has occurred while \output is active []

[16]
File: ../figures/sst-psi-2-1.pdf Graphic file (type pdf)
<use ../figures/sst-psi-2-1.pdf>

Overfull \hbox (8.70885pt too wide) in paragraph at lines 543--543
[][] 
 []


Underfull \vbox (badness 10000) has occurred while \output is active []


Overfull \vbox (1.57643pt too high) has occurred while \output is active []

[17]
Underfull \vbox (badness 10000) has occurred while \output is active []


Overfull \vbox (1.57643pt too high) has occurred while \output is active []

[18]
File: ../figures/enso-phase-1.pdf Graphic file (type pdf)
<use ../figures/enso-phase-1.pdf>

Underfull \vbox (badness 10000) has occurred while \output is active []


Overfull \vbox (1.57643pt too high) has occurred while \output is active []

[19]
File: ../figures/pp-t2m-r2-1.pdf Graphic file (type pdf)
<use ../figures/pp-t2m-r2-1.pdf>

Overfull \hbox (8.70885pt too wide) in paragraph at lines 603--604
 [][] 
 []


Underfull \vbox (badness 10000) has occurred while \output is active []


Overfull \vbox (1.57643pt too high) has occurred while \output is active []

[20]
File: ../figures/pp-temp-2-1.pdf Graphic file (type pdf)
<use ../figures/pp-temp-2-1.pdf>

Underfull \vbox (badness 10000) has occurred while \output is active []


Overfull \vbox (1.57643pt too high) has occurred while \output is active []

[21]
Underfull \vbox (badness 10000) has occurred while \output is active []


Overfull \vbox (1.57643pt too high) has occurred while \output is active []

[22]
Underfull \vbox (badness 10000) has occurred while \output is active []


Overfull \vbox (1.57643pt too high) has occurred while \output is active []

[23]
Underfull \vbox (badness 10000) has occurred while \output is active []


Overfull \vbox (1.57643pt too high) has occurred while \output is active []

[24]
Underfull \hbox (badness 10000) in paragraph at lines 696--698
[]\TU/lmr/m/n/10.03749 ERA5 data can be obtained via the Copernicus Climate
 []


Underfull \hbox (badness 10000) in paragraph at lines 696--698
\TU/lmr/m/n/10.03749 Data Store ([][]$[][][][][] [] [] [] [][][] [] [][][][][][][] [] [][][][][][][][][][] [] [][] [] [][][][][][] [] [] [] [][][][][][][][] []
 []


Underfull \hbox (badness 10000) in paragraph at lines 698--700
[][][][] [] [][][][] [] [][][] [] [][][][][][] [] [][][][][][][][] [] [][][][][][][][][][][][][] [] [][][] [] [][][] [] [][] [] [][][] [] [][][][] [] [][][][] []
 []


Underfull \hbox (badness 10000) in paragraph at lines 702--704
\TU/lmr/m/n/10.03749 Center: [][]$[][][][][] [] [] [] [][][] [] [][][] [] [][][][] [] [][][][] [] [][][] [] [][][][][][][][] [] [][][][][][][][] [] [][][][][][][][][][] []
 []


Underfull \hbox (badness 10000) in paragraph at lines 704--706
\TU/lmr/m/n/10.03749 Center: [][]$[][][][][] [] [] [] [][][] [] [][][] [] [][][][] [] [][][][] [] [][][] [] [][][][][][][][] [] [][][][][][][][] [] [][][][][][][][][][] []
 []


Package hyperref Warning: Difference (3) between bookmark levels is greater 
(hyperref)                than one, level fixed on input line 719.


Underfull \hbox (badness 10000) in paragraph at lines 719--720
 []\TU/lmr/bx/n/10.03749 Acknowledgments.[][] \TU/lmr/m/n/10.03749 The research was supported by UBA-
 []


Underfull \hbox (badness 1622) in paragraph at lines 719--720
\TU/lmr/m/n/10.03749 CyT20020170100428BA and the CLIMAX Project funded by Belmont
 []


Underfull \vbox (badness 10000) has occurred while \output is active []


Overfull \vbox (1.57643pt too high) has occurred while \output is active []

[25]
Underfull \vbox (badness 10000) has occurred while \output is active []


Overfull \vbox (1.57643pt too high) has occurred while \output is active []

[26]
File: ../figures/sst-psi-1-1.pdf Graphic file (type pdf)
<use ../figures/sst-psi-1-1.pdf>

Overfull \hbox (8.70885pt too wide) in paragraph at lines 733--733
[][] 
 []

File: ../figures/pp-temp-1-1.pdf Graphic file (type pdf)
<use ../figures/pp-temp-1-1.pdf>

Overfull \hbox (9.7126pt too wide) in paragraph at lines 740--741
 [][] 
 []

(./shceof.bbl
Underfull \vbox (badness 10000) has occurred while \output is active []


Overfull \vbox (1.57643pt too high) has occurred while \output is active []

[27]
Underfull \hbox (badness 6691) in paragraph at lines 44--49
[]\TU/lmr/m/n/10.03749 Bell B, Hersbach H, Berrisford P, et al (2020) ERA5 monthly
 []


Underfull \hbox (badness 10000) in paragraph at lines 44--49
\TU/lmr/m/n/10.03749 averaged data on pressure levels from 1950 to 1978 (pre-
 []


Underfull \hbox (badness 10000) in paragraph at lines 44--49
\TU/lmr/m/n/10.03749 liminary version). Copernicus Climate Change Service (C3S)
 []


Underfull \hbox (badness 10000) in paragraph at lines 44--49
\TU/lmr/m/n/10.03749 Climate Data Store (CDS) (Accessed on $\OML/cmm/m/it/10 <$\TU/lmr/m/n/10.03749 26-08-2021$\OML/cmm/m/it/10 >$\TU/lmr/m/n/10.03749 ),
 []


Underfull \hbox (badness 10000) in paragraph at lines 44--49
\TU/lmr/m/n/10.03749 https://cds.climate.copernicus.eu/cdsapp#!/dataset/reanalysis-era5-
 []


Underfull \vbox (badness 10000) has occurred while \output is active []


Overfull \vbox (1.57643pt too high) has occurred while \output is active []

[28]
Underfull \hbox (badness 10000) in paragraph at lines 115--119
[]\TU/lmr/m/n/10.03749 Gelbrecht M, Boers N, Jürgen Kurths (2018) Phase coherence
 []


Underfull \hbox (badness 1527) in paragraph at lines 115--119
\TU/lmr/m/n/10.03749 between precipitation in South America and Rossby waves. Science
 []


Underfull \hbox (badness 10000) in paragraph at lines 115--119
\TU/lmr/m/n/10.03749 Advances 4(12):eaau3191. [][]$[][][][][] [] [] [] [][][] [] [][][] [] [][] [] [][][][] [] [][][][][][] [] [][][][][][][]$[][],
 []


Overfull \hbox (24.00656pt too wide) in paragraph at lines 115--119
[][]\TU/lmr/m/n/10.03749 https://arxiv.org/abs/https://www.science.org/doi/pdf/10.1126/sciadv.aau3191[][] 
 []


Underfull \vbox (badness 10000) has occurred while \output is active []


Overfull \vbox (1.57643pt too high) has occurred while \output is active []

[29]
Underfull \vbox (badness 10000) has occurred while \output is active []


Overfull \vbox (1.57643pt too high) has occurred while \output is active []

[30]
Underfull \hbox (badness 1701) in paragraph at lines 202--207
[]\TU/lmr/m/n/10.03749 Lim EP, Hendon HH, Thompson DWJ (2018) Seasonal Evolution of
 []


Underfull \hbox (badness 1389) in paragraph at lines 225--228
[]\TU/lmr/m/n/10.03749 Pezza AB, Rashid HA, Simmonds I (2012) Climate links and recent
 []


Underfull \vbox (badness 10000) has occurred while \output is active []


Overfull \vbox (1.57643pt too high) has occurred while \output is active []

[31]
Underfull \hbox (badness 3108) in paragraph at lines 273--276
\TU/lmr/m/n/10.03749 Weather Review 113(1):3–21. [][]$[][][][][] [] [] [] [][][] [] [][][] [] [][] [] [][][][] [] [][][][][][][][][][][][][][][] []
 []


Underfull \vbox (badness 10000) has occurred while \output is active []


Overfull \vbox (1.57643pt too high) has occurred while \output is active []

[32]
Underfull \hbox (badness 2600) in paragraph at lines 314--319
\TU/lmr/m/n/10.03749 2558. [][]$[][][][][] [] [] [] [][][] [] [][][] [] [][] [] [][][][] [] [][][][][][][][][][][][][][][] [] [][][][][][][][][] [] [][][][][][] [][] [] [] [] []
 []

)
Underfull \vbox (badness 10000) has occurred while \output is active []


Overfull \vbox (1.57643pt too high) has occurred while \output is active []

[33] (./shceof.aux)

LaTeX Font Warning: Size substitutions with differences
(Font)              up to 1.28pt have occurred.

Package rerunfilecheck Info: File `shceof.out' has not changed.
(rerunfilecheck)             Checksum: 4E825C6F6002C0BCE71142DEF874D9A6;2942.
 ) 
Here is how much of TeX's memory you used:
 17872 strings out of 478065
 284820 string characters out of 5851401
 608293 words of memory out of 5000000
 38187 multiletter control sequences out of 15000+600000
 500672 words of font info for 166 fonts, out of 8000000 for 9000
 46 hyphenation exceptions out of 8191
 87i,11n,90p,709b,571s stack positions out of 10000i,1000n,20000p,200000b,200000s

Output written on shceof.pdf (33 pages).
